[debug] > Exec(reload, None, None)
[debug] > Exec(sbtStashOnFailure, None, None)
[debug] > Exec(onFailure loadFailed, None, None)
[debug] > Exec(loadp, None, None)
[info] welcome to sbt 1.6.2 (Oracle Corporation Java 1.8.0_333)
[debug]             Load.loadUnit: plugins took 87.1378ms
[debug]             Load.loadUnit: defsScala took 0.013ms
[debug] [Loading] Scanning directory C:\Users\krzys\.sbt\1.0\plugins
[debug] [Loading] Found non-root projects 
[debug] [Loading] Done in C:\Users\krzys\.sbt\1.0\plugins, returning: ()
[debug] deducing auto plugins based on known facts Set(Atom(sbt.plugins.CorePlugin)) and clauses Clauses(Clause(Atom(sbt.plugins.JvmPlugin),Set(Atom(sbt.plugins.IvyPlugin)))
[debug] Clause(Atom(sbt.ScriptedPlugin),Set(Atom(sbt.plugins.JvmPlugin)))
[debug] Clause(Atom(sbt.plugins.SbtPlugin),Set(Atom(sbt.ScriptedPlugin)))
[debug] Clause(Atom(sbt.plugins.SemanticdbPlugin),Set(Atom(sbt.plugins.JvmPlugin)))
[debug] Clause(Atom(sbt.plugins.JUnitXmlReportPlugin),Set(Atom(sbt.plugins.JvmPlugin)))
[debug] Clause(Atom(sbt.plugins.MiniDependencyTreePlugin),Set(Atom(sbt.plugins.JvmPlugin)))
[debug] Clause(Atom(sbt.plugins.CorePlugin),Set(Atom(sbt.plugins.IvyPlugin)))
[debug] Clause(Atom(sbt.plugins.IvyPlugin),Set(Atom(sbt.plugins.JvmPlugin)))
[debug] Clause(Atom(sbt.plugins.JvmPlugin),Set(Atom(sbt.plugins.SemanticdbPlugin)))
[debug] Clause(Atom(sbt.plugins.JvmPlugin),Set(Atom(sbt.plugins.JUnitXmlReportPlugin)))
[debug] Clause(Atom(sbt.plugins.CorePlugin),Set(Atom(sbt.plugins.Giter8TemplatePlugin)))
[debug] Clause(Atom(sbt.plugins.JvmPlugin),Set(Atom(sbt.plugins.MiniDependencyTreePlugin))))
[debug]   :: deduced result: Matched(sbt.plugins.CorePlugin,sbt.plugins.Giter8TemplatePlugin,sbt.plugins.IvyPlugin,sbt.plugins.JvmPlugin,sbt.plugins.MiniDependencyTreePlugin,sbt.plugins.JUnitXmlReportPlugin,sbt.plugins.SemanticdbPlugin)
[debug] Plugins.deducer#function took 2.7641 ms
[debug]                 Load.resolveProject(global-plugins) took 2.4609ms
[debug]               Load.loadTransitive: finalizeProject(Project(id global-plugins, base: C:\Users\krzys\.sbt\1.0\plugins, plugins: List(<none>))) took 5.7969ms
[debug] [Loading] Done in C:\Users\krzys\.sbt\1.0\plugins, returning: (global-plugins)
[debug]             Load.loadUnit: loadedProjectsRaw took 7.2718ms
[debug]             Load.loadUnit: cleanEvalClasses took 0.0125ms
[debug]           Load.loadUnit(file:/C:/Users/krzys/.sbt/1.0/plugins/, ...) took 95.5016ms
[debug]         Load.apply: load took 98.2767ms
[debug]         Load.apply: resolveProjects took 0.1651ms
[debug]         Load.apply: finalTransforms took 15.4211ms
[debug]         Load.apply: config.delegates took 0.4857ms
[debug]         Load.apply: Def.make(settings)... took 475.1948ms
[debug]         Load.apply: structureIndex took 40.559ms
[debug]         Load.apply: mkStreams took 0.0036ms
[info] loading global plugins from C:\Users\krzys\.sbt\1.0\plugins
[debug] Running task... Cancel: Signal, check cycles: false, forcegc: true
[debug] Forcing garbage collection...
[debug]       Load.defaultLoad until apply took 2391.6497ms
[debug]                 Load.loadUnit: plugins took 27.7319ms
[debug]                 Load.loadUnit: defsScala took 0.0036ms
[debug] [Loading] Scanning directory C:\Users\krzys\IdeaProjects\lab7\project
[debug]                   Load.loadUnit: mkEval took 0.3921ms
[debug] [Loading] Found non-root projects 
[debug] [Loading] Done in C:\Users\krzys\IdeaProjects\lab7\project, returning: ()
[debug] deducing auto plugins based on known facts Set(Atom(sbt.plugins.CorePlugin)) and clauses Clauses(Clause(Atom(sbt.plugins.JvmPlugin),Set(Atom(sbt.plugins.IvyPlugin)))
[debug] Clause(Atom(sbt.ScriptedPlugin),Set(Atom(sbt.plugins.JvmPlugin)))
[debug] Clause(Atom(sbt.plugins.SbtPlugin),Set(Atom(sbt.ScriptedPlugin)))
[debug] Clause(Atom(sbt.plugins.SemanticdbPlugin),Set(Atom(sbt.plugins.JvmPlugin)))
[debug] Clause(Atom(sbt.plugins.JUnitXmlReportPlugin),Set(Atom(sbt.plugins.JvmPlugin)))
[debug] Clause(Atom(sbt.plugins.MiniDependencyTreePlugin),Set(Atom(sbt.plugins.JvmPlugin)))
[debug] Clause(Atom(sbt.plugins.CorePlugin),Set(Atom(sbt.plugins.IvyPlugin)))
[debug] Clause(Atom(sbt.plugins.IvyPlugin),Set(Atom(sbt.plugins.JvmPlugin)))
[debug] Clause(Atom(sbt.plugins.JvmPlugin),Set(Atom(sbt.plugins.SemanticdbPlugin)))
[debug] Clause(Atom(sbt.plugins.JvmPlugin),Set(Atom(sbt.plugins.JUnitXmlReportPlugin)))
[debug] Clause(Atom(sbt.plugins.CorePlugin),Set(Atom(sbt.plugins.Giter8TemplatePlugin)))
[debug] Clause(Atom(sbt.plugins.JvmPlugin),Set(Atom(sbt.plugins.MiniDependencyTreePlugin))))
[debug]   :: deduced result: Matched(sbt.plugins.CorePlugin,sbt.plugins.Giter8TemplatePlugin,sbt.plugins.IvyPlugin,sbt.plugins.JvmPlugin,sbt.plugins.MiniDependencyTreePlugin,sbt.plugins.JUnitXmlReportPlugin,sbt.plugins.SemanticdbPlugin)
[debug] Plugins.deducer#function took 2.3156 ms
[info] loading settings for project lab7-build from idea.sbt ...
[debug]                     Load.resolveProject(lab7-build) took 6.3147ms
[debug]                   Load.loadTransitive: finalizeProject(Project(id lab7-build, base: C:\Users\krzys\IdeaProjects\lab7\project, plugins: List(<none>))) took 9.2047ms
[debug] [Loading] Done in C:\Users\krzys\IdeaProjects\lab7\project, returning: (lab7-build)
[debug]                 Load.loadUnit: loadedProjectsRaw took 38.2006ms
[debug]                 Load.loadUnit: cleanEvalClasses took 1.152ms
[debug]               Load.loadUnit(file:/C:/Users/krzys/IdeaProjects/lab7/project/, ...) took 68.2244ms
[debug]             Load.apply: load took 70.5008ms
[debug]             Load.apply: resolveProjects took 0.1027ms
[debug]             Load.apply: finalTransforms took 8.8767ms
[debug]             Load.apply: config.delegates took 0.438ms
[debug]             Load.apply: Def.make(settings)... took 92.1364ms
[debug]             Load.apply: structureIndex took 30.6067ms
[debug]             Load.apply: mkStreams took 0.0026ms
[info] loading project definition from C:\Users\krzys\IdeaProjects\lab7\project
[debug] Running task... Cancel: Signal, check cycles: false, forcegc: true
[debug]           Load.loadUnit: plugins took 452.2536ms
[debug]           Load.loadUnit: defsScala took 0.0037ms
[debug] [Loading] Scanning directory C:\Users\krzys\IdeaProjects\lab7
[debug]             Load.loadUnit: mkEval took 0.3224ms
[debug] [Loading] Found non-root projects 
[debug] [Loading] Done in C:\Users\krzys\IdeaProjects\lab7, returning: ()
[debug] deducing auto plugins based on known facts Set(Atom(sbt.plugins.CorePlugin)) and clauses Clauses(Clause(Atom(sbt.plugins.JvmPlugin),Set(Atom(sbt.plugins.IvyPlugin)))
[debug] Clause(Atom(sbt.ScriptedPlugin),Set(Atom(sbt.plugins.JvmPlugin)))
[debug] Clause(Atom(sbt.plugins.SbtPlugin),Set(Atom(sbt.ScriptedPlugin)))
[debug] Clause(Atom(sbt.plugins.SemanticdbPlugin),Set(Atom(sbt.plugins.JvmPlugin)))
[debug] Clause(Atom(sbt.plugins.JUnitXmlReportPlugin),Set(Atom(sbt.plugins.JvmPlugin)))
[debug] Clause(Atom(sbt.plugins.MiniDependencyTreePlugin),Set(Atom(sbt.plugins.JvmPlugin)))
[debug] Clause(Atom(org.jetbrains.sbt.StructurePlugin),Set(Atom(sbt.plugins.JvmPlugin)))
[debug] Clause(Atom(org.jetbrains.sbt.IdeaShellPlugin),Set(Atom(sbt.plugins.JvmPlugin)))
[debug] Clause(Atom(org.jetbrains.sbt.indices.SbtIntellijIndicesPlugin),Set(Atom(sbt.plugins.JvmPlugin)))
[debug] Clause(Atom(sbt.plugins.CorePlugin),Set(Atom(sbt.plugins.IvyPlugin)))
[debug] Clause(Atom(sbt.plugins.IvyPlugin),Set(Atom(sbt.plugins.JvmPlugin)))
[debug] Clause(Atom(sbt.plugins.JvmPlugin),Set(Atom(sbt.plugins.SemanticdbPlugin)))
[debug] Clause(Atom(sbt.plugins.JvmPlugin),Set(Atom(sbt.plugins.JUnitXmlReportPlugin)))
[debug] Clause(Atom(sbt.plugins.CorePlugin),Set(Atom(sbt.plugins.Giter8TemplatePlugin)))
[debug] Clause(Atom(sbt.plugins.JvmPlugin),Set(Atom(sbt.plugins.MiniDependencyTreePlugin)))
[debug] Clause(Atom(sbt.plugins.JvmPlugin),Set(Atom(org.jetbrains.sbt.StructurePlugin)))
[debug] Clause(Atom(sbt.plugins.JvmPlugin),Set(Atom(org.jetbrains.sbt.IdeaShellPlugin)))
[debug] Clause(And(Set(Atom(sbt.plugins.CorePlugin), Atom(sbt.plugins.JvmPlugin))),Set(Atom(org.jetbrains.sbt.indices.SbtIntellijIndicesPlugin))))
[debug]   :: deduced result: Matched(sbt.plugins.CorePlugin,sbt.plugins.Giter8TemplatePlugin,sbt.plugins.IvyPlugin,sbt.plugins.JvmPlugin,sbt.plugins.SemanticdbPlugin,org.jetbrains.sbt.indices.SbtIntellijIndicesPlugin,sbt.plugins.JUnitXmlReportPlugin,org.jetbrains.sbt.IdeaShellPlugin,org.jetbrains.sbt.StructurePlugin,sbt.plugins.MiniDependencyTreePlugin)
[debug] Plugins.deducer#function took 2.6895 ms
[info] loading settings for project lab7 from build.sbt ...
[debug]               Load.resolveProject(lab7) took 73.9644ms
[debug]             Load.loadTransitive: finalizeProject(Project(id lab7, base: C:\Users\krzys\IdeaProjects\lab7, plugins: List(<none>))) took 78.3316ms
[debug] [Loading] Done in C:\Users\krzys\IdeaProjects\lab7, returning: (lab7)
[debug]           Load.loadUnit: loadedProjectsRaw took 2631.4587ms
[debug]           Load.loadUnit: cleanEvalClasses took 24.4288ms
[debug]         Load.loadUnit(file:/C:/Users/krzys/IdeaProjects/lab7/, ...) took 3108.7916ms
[debug]       Load.apply: load took 3110.8502ms
[debug]       Load.apply: resolveProjects took 0.6554ms
[debug]       Load.apply: finalTransforms took 45.7098ms
[debug]       Load.apply: config.delegates took 0.3475ms
[debug]       Load.apply: Def.make(settings)... took 141.0904ms
[debug]       Load.apply: structureIndex took 32.8028ms
[debug]       Load.apply: mkStreams took 0.0026ms
[info] set current project to lab7 (in build file:/C:/Users/krzys/IdeaProjects/lab7/)
[debug] > Exec(sbtPopOnFailure, None, None)
[debug] > Exec(resumeFromFailure, None, None)
[debug] > Exec(resumeFromFailure, None, None)
[debug] > Exec(notifyUsersAboutShell, None, None)
[debug] > Exec(iflast shell, None, None)
[debug] > Exec(; set ideaPort in Global := 57836 ; idea-shell, None, None)
[debug] > Exec(set ideaPort in Global := 57836, None, None)
[info] Defining Global / ideaPort
[info] The new value will be used by Compile / compile, Test / compile
[debug] Defining 
[debug] 	Global / ideaPort
[debug] 
[debug] The new value will be used by 
[debug] 	Compile / compile
[debug] 	Test / compile
[info] Reapplying settings...
[info] set current project to lab7 (in build file:/C:/Users/krzys/IdeaProjects/lab7/)
[debug] > Exec(idea-shell, None, None)
[debug] > Exec(, None, None)
[debug] > Exec(idea-shell, None, None)
